AROA_Android/core-unity/build/intermediates/manifest_merge_blame_file/debug/manifest-merger-blame-debug-report.txt
1<?xml version="1.0" encoding="utf-8"?>
2<manifest xmlns:android="http://schemas.android.com/apk/res/android"
3    xmlns:tools="http://schemas.android.com/tools"
4    package="com.unity3d.player"
5    android:installLocation="preferExternal" >
6
7    <uses-sdk
7-->src\main\AndroidManifest.xml:7:5-63
8        android:minSdkVersion="26"
8-->src\main\AndroidManifest.xml:7:5-63
9        android:targetSdkVersion="30"
9-->src\main\AndroidManifest.xml:7:5-63
10        tools:overrideLibrary="com.nreal.glasses_sdk" />
10-->src\main\AndroidManifest.xml:7:15-60
11
12    <supports-screens
12-->src\main\AndroidManifest.xml:8:5-13:40
13        android:anyDensity="true"
13-->src\main\AndroidManifest.xml:9:9-34
14        android:largeScreens="true"
14-->src\main\AndroidManifest.xml:10:9-36
15        android:normalScreens="true"
15-->src\main\AndroidManifest.xml:11:9-37
16        android:smallScreens="true"
16-->src\main\AndroidManifest.xml:12:9-36
17        android:xlargeScreens="true" />
17-->src\main\AndroidManifest.xml:13:9-37
18
19    <uses-permission android:name="android.permission.BLUETOOTH" />
19-->src\main\AndroidManifest.xml:50:5-68
19-->src\main\AndroidManifest.xml:50:22-65
20
21    <uses-feature android:glEsVersion="0x00030000" />
21-->src\main\AndroidManifest.xml:51:5-54
21-->src\main\AndroidManifest.xml:51:19-51
22
23    <uses-permission android:name="android.permission.INTERNET" />
23-->src\main\AndroidManifest.xml:53:5-67
23-->src\main\AndroidManifest.xml:53:22-64
24    <uses-permission android:name="android.permission.VIBRATE" />
24-->src\main\AndroidManifest.xml:54:5-66
24-->src\main\AndroidManifest.xml:54:22-63
25    <uses-permission android:name="android.permission.ACCESS_NETWORK_STATE" />
25-->src\main\AndroidManifest.xml:55:5-79
25-->src\main\AndroidManifest.xml:55:22-76
26
27    <uses-feature
27-->src\main\AndroidManifest.xml:57:5-59:36
28        android:name="android.hardware.touchscreen"
28-->src\main\AndroidManifest.xml:58:9-52
29        android:required="false" />
29-->src\main\AndroidManifest.xml:59:9-33
30    <uses-feature
30-->src\main\AndroidManifest.xml:60:5-62:36
31        android:name="android.hardware.touchscreen.multitouch"
31-->src\main\AndroidManifest.xml:61:9-63
32        android:required="false" />
32-->src\main\AndroidManifest.xml:62:9-33
33    <uses-feature
33-->src\main\AndroidManifest.xml:63:5-65:36
34        android:name="android.hardware.touchscreen.multitouch.distinct"
34-->src\main\AndroidManifest.xml:64:9-72
35        android:required="false" />
35-->src\main\AndroidManifest.xml:65:9-33
36
37    <application
37-->src\main\AndroidManifest.xml:14:5-49:19
38        android:extractNativeLibs="true"
38-->src\main\AndroidManifest.xml:15:9-41
39        android:label="@string/app_name" >
39-->src\main\AndroidManifest.xml:16:9-41
40        <activity
40-->src\main\AndroidManifest.xml:17:9-26:20
41            android:name="com.unity3d.player.UnityPlayerActivity"
41-->src\main\AndroidManifest.xml:18:13-66
42            android:configChanges="mcc|mnc|locale|touchscreen|keyboard|keyboardHidden|navigation|orientation|screenLayout|uiMode|screenSize|smallestScreenSize|fontScale|layoutDirection|density"
42-->src\main\AndroidManifest.xml:19:13-194
43            android:hardwareAccelerated="false"
43-->src\main\AndroidManifest.xml:20:13-48
44            android:resizeableActivity="false"
44-->src\main\AndroidManifest.xml:21:13-47
45            android:screenOrientation="portrait" >
45-->src\main\AndroidManifest.xml:22:13-49
46            <meta-data
46-->src\main\AndroidManifest.xml:23:13-25:40
47                android:name="android.notch_support"
47-->src\main\AndroidManifest.xml:24:17-53
48                android:value="true" />
48-->src\main\AndroidManifest.xml:25:17-37
49        </activity>
50
51        <meta-data
51-->src\main\AndroidManifest.xml:28:9-30:36
52            android:name="nreal_sdk"
52-->src\main\AndroidManifest.xml:29:13-37
53            android:value="true" />
53-->src\main\AndroidManifest.xml:30:13-33
54        <meta-data
54-->src\main\AndroidManifest.xml:31:9-33:51
55            android:name="com.nreal.supportDevices"
55-->src\main\AndroidManifest.xml:32:13-52
56            android:value="NrealLight|NrealAir" />
56-->src\main\AndroidManifest.xml:33:13-48
57        <meta-data
57-->src\main\AndroidManifest.xml:34:9-36:33
58            android:name="unity.splash-mode"
58-->src\main\AndroidManifest.xml:35:13-45
59            android:value="0" />
59-->src\main\AndroidManifest.xml:36:13-30
60        <meta-data
60-->src\main\AndroidManifest.xml:37:9-39:36
61            android:name="unity.splash-enable"
61-->src\main\AndroidManifest.xml:38:13-47
62            android:value="True" />
62-->src\main\AndroidManifest.xml:39:13-33
63        <meta-data
63-->src\main\AndroidManifest.xml:40:9-42:36
64            android:name="unity.launch-fullscreen"
64-->src\main\AndroidManifest.xml:41:13-51
65            android:value="True" />
65-->src\main\AndroidManifest.xml:42:13-33
66        <meta-data
66-->src\main\AndroidManifest.xml:43:9-45:37
67            android:name="unity.allow-resizable-window"
67-->src\main\AndroidManifest.xml:44:13-56
68            android:value="False" />
68-->src\main\AndroidManifest.xml:45:13-34
69        <meta-data
69-->src\main\AndroidManifest.xml:46:9-48:50
70            android:name="notch.config"
70-->src\main\AndroidManifest.xml:47:13-40
71            android:value="portrait|landscape" />
71-->src\main\AndroidManifest.xml:48:13-47
72    </application>
73
74</manifest>